{"/Users/maria/Documents/GitHub/_DEV/remoteWorkApp/backend/src/controller/auth.controller.js": {"path":"/Users/maria/Documents/GitHub/_DEV/remoteWorkApp/backend/src/controller/auth.controller.js","statementMap":{"0":{"start":{"line":11,"column":21},"end":{"line":41,"column":1}},"1":{"start":{"line":13,"column":15},"end":{"line":13,"column":65}},"2":{"start":{"line":16,"column":2},"end":{"line":16,"column":42}},"3":{"start":{"line":16,"column":13},"end":{"line":16,"column":42}},"4":{"start":{"line":20,"column":2},"end":{"line":21,"column":33}},"5":{"start":{"line":21,"column":4},"end":{"line":21,"column":33}},"6":{"start":{"line":24,"column":16},"end":{"line":27,"column":4}},"7":{"start":{"line":28,"column":17},"end":{"line":28,"column":25}},"8":{"start":{"line":29,"column":20},"end":{"line":29,"column":30}},"9":{"start":{"line":32,"column":2},"end":{"line":40,"column":7}}},"fnMap":{"0":{"name":"(anonymous_0)","decl":{"start":{"line":11,"column":21},"end":{"line":11,"column":22}},"loc":{"start":{"line":11,"column":41},"end":{"line":41,"column":1}},"line":11}},"branchMap":{"0":{"loc":{"start":{"line":16,"column":2},"end":{"line":16,"column":42}},"type":"if","locations":[{"start":{"line":16,"column":2},"end":{"line":16,"column":42}},{"start":{},"end":{}}],"line":16},"1":{"loc":{"start":{"line":20,"column":2},"end":{"line":21,"column":33}},"type":"if","locations":[{"start":{"line":20,"column":2},"end":{"line":21,"column":33}},{"start":{},"end":{}}],"line":20}},"s":{"0":1,"1":3,"2":3,"3":1,"4":2,"5":1,"6":1,"7":1,"8":1,"9":1},"f":{"0":3},"b":{"0":[1,2],"1":[1,1]},"_coverageSchema":"1a1c01bbd47fc00a2c39e90264f33305004495a9","hash":"9912487fcf7827d776e4844e0e31f28b00ca2b2c"}
,"/Users/maria/Documents/GitHub/_DEV/remoteWorkApp/backend/src/controller/time.controller.js": {"path":"/Users/maria/Documents/GitHub/_DEV/remoteWorkApp/backend/src/controller/time.controller.js","statementMap":{"0":{"start":{"line":9,"column":24},"end":{"line":42,"column":1}},"1":{"start":{"line":10,"column":2},"end":{"line":41,"column":3}},"2":{"start":{"line":11,"column":23},"end":{"line":11,"column":33}},"3":{"start":{"line":14,"column":17},"end":{"line":14,"column":49}},"4":{"start":{"line":15,"column":4},"end":{"line":17,"column":5}},"5":{"start":{"line":16,"column":6},"end":{"line":16,"column":74}},"6":{"start":{"line":20,"column":20},"end":{"line":24,"column":6}},"7":{"start":{"line":27,"column":4},"end":{"line":27,"column":25}},"8":{"start":{"line":29,"column":4},"end":{"line":33,"column":7}},"9":{"start":{"line":35,"column":4},"end":{"line":35,"column":68}},"10":{"start":{"line":36,"column":4},"end":{"line":40,"column":7}},"11":{"start":{"line":47,"column":25},"end":{"line":94,"column":1}},"12":{"start":{"line":48,"column":2},"end":{"line":93,"column":3}},"13":{"start":{"line":49,"column":31},"end":{"line":49,"column":41}},"14":{"start":{"line":52,"column":17},"end":{"line":56,"column":6}},"15":{"start":{"line":57,"column":4},"end":{"line":61,"column":5}},"16":{"start":{"line":58,"column":6},"end":{"line":60,"column":64}},"17":{"start":{"line":64,"column":4},"end":{"line":64,"column":26}},"18":{"start":{"line":65,"column":4},"end":{"line":65,"column":30}},"19":{"start":{"line":67,"column":23},"end":{"line":67,"column":70}},"20":{"start":{"line":71,"column":4},"end":{"line":71,"column":37}},"21":{"start":{"line":73,"column":4},"end":{"line":73,"column":22}},"22":{"start":{"line":76,"column":17},"end":{"line":76,"column":49}},"23":{"start":{"line":78,"column":4},"end":{"line":78,"column":32}},"24":{"start":{"line":80,"column":4},"end":{"line":84,"column":7}},"25":{"start":{"line":86,"column":4},"end":{"line":86,"column":71}},"26":{"start":{"line":87,"column":4},"end":{"line":92,"column":7}},"27":{"start":{"line":100,"column":39},"end":{"line":150,"column":1}},"28":{"start":{"line":101,"column":2},"end":{"line":149,"column":3}},"29":{"start":{"line":102,"column":29},"end":{"line":102,"column":39}},"30":{"start":{"line":107,"column":17},"end":{"line":107,"column":49}},"31":{"start":{"line":108,"column":4},"end":{"line":113,"column":5}},"32":{"start":{"line":109,"column":6},"end":{"line":112,"column":9}},"33":{"start":{"line":116,"column":23},"end":{"line":116,"column":37}},"34":{"start":{"line":117,"column":4},"end":{"line":117,"column":39}},"35":{"start":{"line":118,"column":21},"end":{"line":118,"column":41}},"36":{"start":{"line":119,"column":4},"end":{"line":119,"column":42}},"37":{"start":{"line":122,"column":24},"end":{"line":125,"column":30}},"38":{"start":{"line":128,"column":4},"end":{"line":134,"column":5}},"39":{"start":{"line":129,"column":6},"end":{"line":133,"column":9}},"40":{"start":{"line":137,"column":4},"end":{"line":141,"column":7}},"41":{"start":{"line":143,"column":4},"end":{"line":143,"column":66}},"42":{"start":{"line":144,"column":4},"end":{"line":148,"column":7}}},"fnMap":{"0":{"name":"(anonymous_0)","decl":{"start":{"line":9,"column":24},"end":{"line":9,"column":25}},"loc":{"start":{"line":9,"column":44},"end":{"line":42,"column":1}},"line":9},"1":{"name":"(anonymous_1)","decl":{"start":{"line":47,"column":25},"end":{"line":47,"column":26}},"loc":{"start":{"line":47,"column":45},"end":{"line":94,"column":1}},"line":47},"2":{"name":"(anonymous_2)","decl":{"start":{"line":100,"column":39},"end":{"line":100,"column":40}},"loc":{"start":{"line":100,"column":59},"end":{"line":150,"column":1}},"line":100}},"branchMap":{"0":{"loc":{"start":{"line":15,"column":4},"end":{"line":17,"column":5}},"type":"if","locations":[{"start":{"line":15,"column":4},"end":{"line":17,"column":5}},{"start":{},"end":{}}],"line":15},"1":{"loc":{"start":{"line":57,"column":4},"end":{"line":61,"column":5}},"type":"if","locations":[{"start":{"line":57,"column":4},"end":{"line":61,"column":5}},{"start":{},"end":{}}],"line":57},"2":{"loc":{"start":{"line":108,"column":4},"end":{"line":113,"column":5}},"type":"if","locations":[{"start":{"line":108,"column":4},"end":{"line":113,"column":5}},{"start":{},"end":{}}],"line":108},"3":{"loc":{"start":{"line":128,"column":4},"end":{"line":134,"column":5}},"type":"if","locations":[{"start":{"line":128,"column":4},"end":{"line":134,"column":5}},{"start":{},"end":{}}],"line":128},"4":{"loc":{"start":{"line":128,"column":8},"end":{"line":128,"column":48}},"type":"binary-expr","locations":[{"start":{"line":128,"column":8},"end":{"line":128,"column":20}},{"start":{"line":128,"column":24},"end":{"line":128,"column":48}}],"line":128}},"s":{"0":1,"1":3,"2":3,"3":3,"4":2,"5":1,"6":1,"7":1,"8":1,"9":1,"10":1,"11":1,"12":3,"13":3,"14":3,"15":2,"16":1,"17":1,"18":1,"19":1,"20":1,"21":1,"22":1,"23":1,"24":1,"25":1,"26":1,"27":1,"28":0,"29":0,"30":0,"31":0,"32":0,"33":0,"34":0,"35":0,"36":0,"37":0,"38":0,"39":0,"40":0,"41":0,"42":0},"f":{"0":3,"1":3,"2":0},"b":{"0":[1,1],"1":[1,1],"2":[0,0],"3":[0,0],"4":[0,0]},"_coverageSchema":"1a1c01bbd47fc00a2c39e90264f33305004495a9","hash":"10ff9b70884395c85abaf2bbb2424eabf4ff4689"}
,"/Users/maria/Documents/GitHub/_DEV/remoteWorkApp/backend/src/models/time.model.js": {"path":"/Users/maria/Documents/GitHub/_DEV/remoteWorkApp/backend/src/models/time.model.js","statementMap":{"0":{"start":{"line":3,"column":19},"end":{"line":33,"column":1}},"1":{"start":{"line":35,"column":25},"end":{"line":35,"column":59}}},"fnMap":{},"branchMap":{},"s":{"0":1,"1":1},"f":{},"b":{},"_coverageSchema":"1a1c01bbd47fc00a2c39e90264f33305004495a9","hash":"597aba985123f5a62e2460fdf9f8f3fd242c7e78"}
,"/Users/maria/Documents/GitHub/_DEV/remoteWorkApp/backend/src/models/user.model.js": {"path":"/Users/maria/Documents/GitHub/_DEV/remoteWorkApp/backend/src/models/user.model.js","statementMap":{"0":{"start":{"line":3,"column":19},"end":{"line":17,"column":1}},"1":{"start":{"line":19,"column":25},"end":{"line":19,"column":59}}},"fnMap":{},"branchMap":{},"s":{"0":1,"1":1},"f":{},"b":{},"_coverageSchema":"1a1c01bbd47fc00a2c39e90264f33305004495a9","hash":"c723028e1e262a9dc2f833c88b3df9380b5bf706"}
,"/Users/maria/Documents/GitHub/_DEV/remoteWorkApp/backend/src/service/auth.service.js": {"path":"/Users/maria/Documents/GitHub/_DEV/remoteWorkApp/backend/src/service/auth.service.js","statementMap":{"0":{"start":{"line":6,"column":27},"end":{"line":10,"column":1}},"1":{"start":{"line":9,"column":2},"end":{"line":9,"column":76}},"2":{"start":{"line":14,"column":27},"end":{"line":17,"column":1}},"3":{"start":{"line":16,"column":2},"end":{"line":16,"column":51}},"4":{"start":{"line":21,"column":26},"end":{"line":28,"column":1}},"5":{"start":{"line":23,"column":15},"end":{"line":23,"column":41}},"6":{"start":{"line":25,"column":2},"end":{"line":25,"column":24}},"7":{"start":{"line":27,"column":2},"end":{"line":27,"column":28}},"8":{"start":{"line":32,"column":26},"end":{"line":35,"column":1}},"9":{"start":{"line":34,"column":2},"end":{"line":34,"column":41}}},"fnMap":{"0":{"name":"(anonymous_0)","decl":{"start":{"line":6,"column":27},"end":{"line":6,"column":28}},"loc":{"start":{"line":6,"column":40},"end":{"line":10,"column":1}},"line":6},"1":{"name":"(anonymous_1)","decl":{"start":{"line":14,"column":27},"end":{"line":14,"column":28}},"loc":{"start":{"line":14,"column":38},"end":{"line":17,"column":1}},"line":14},"2":{"name":"(anonymous_2)","decl":{"start":{"line":21,"column":26},"end":{"line":21,"column":27}},"loc":{"start":{"line":21,"column":46},"end":{"line":28,"column":1}},"line":21},"3":{"name":"(anonymous_3)","decl":{"start":{"line":32,"column":26},"end":{"line":32,"column":27}},"loc":{"start":{"line":32,"column":32},"end":{"line":35,"column":1}},"line":32}},"branchMap":{},"s":{"0":1,"1":0,"2":1,"3":0,"4":1,"5":0,"6":0,"7":0,"8":1,"9":0},"f":{"0":0,"1":0,"2":0,"3":0},"b":{},"_coverageSchema":"1a1c01bbd47fc00a2c39e90264f33305004495a9","hash":"1fdce08282eb60a2350b721fd6b00b87445ae7fe"}
,"/Users/maria/Documents/GitHub/_DEV/remoteWorkApp/backend/src/utils/calculateDuration.js": {"path":"/Users/maria/Documents/GitHub/_DEV/remoteWorkApp/backend/src/utils/calculateDuration.js","statementMap":{"0":{"start":{"line":1,"column":33},"end":{"line":42,"column":1}},"1":{"start":{"line":2,"column":16},"end":{"line":2,"column":35}},"2":{"start":{"line":3,"column":14},"end":{"line":3,"column":31}},"3":{"start":{"line":6,"column":21},"end":{"line":6,"column":32}},"4":{"start":{"line":9,"column":16},"end":{"line":9,"column":57}},"5":{"start":{"line":10,"column":18},"end":{"line":10,"column":75}},"6":{"start":{"line":11,"column":18},"end":{"line":11,"column":63}},"7":{"start":{"line":14,"column":21},"end":{"line":14,"column":34}},"8":{"start":{"line":15,"column":19},"end":{"line":23,"column":3}},"9":{"start":{"line":24,"column":17},"end":{"line":37,"column":3}},"10":{"start":{"line":38,"column":18},"end":{"line":38,"column":40}},"11":{"start":{"line":39,"column":16},"end":{"line":39,"column":38}},"12":{"start":{"line":41,"column":2},"end":{"line":41,"column":133}}},"fnMap":{"0":{"name":"(anonymous_0)","decl":{"start":{"line":1,"column":33},"end":{"line":1,"column":34}},"loc":{"start":{"line":1,"column":57},"end":{"line":42,"column":1}},"line":1}},"branchMap":{},"s":{"0":1,"1":0,"2":0,"3":0,"4":0,"5":0,"6":0,"7":0,"8":0,"9":0,"10":0,"11":0,"12":0},"f":{"0":0},"b":{},"_coverageSchema":"1a1c01bbd47fc00a2c39e90264f33305004495a9","hash":"8582a9dbb0ae98a77289f11c488dad15b82d2a53"}
,"/Users/maria/Documents/GitHub/_DEV/remoteWorkApp/backend/src/utils/emailConfig.js": {"path":"/Users/maria/Documents/GitHub/_DEV/remoteWorkApp/backend/src/utils/emailConfig.js","statementMap":{"0":{"start":{"line":5,"column":0},"end":{"line":5,"column":16}},"1":{"start":{"line":8,"column":27},"end":{"line":15,"column":2}},"2":{"start":{"line":20,"column":25},"end":{"line":50,"column":1}},"3":{"start":{"line":21,"column":2},"end":{"line":49,"column":3}},"4":{"start":{"line":22,"column":4},"end":{"line":45,"column":7}},"5":{"start":{"line":46,"column":4},"end":{"line":46,"column":47}},"6":{"start":{"line":48,"column":4},"end":{"line":48,"column":61}}},"fnMap":{"0":{"name":"(anonymous_0)","decl":{"start":{"line":20,"column":25},"end":{"line":20,"column":26}},"loc":{"start":{"line":20,"column":47},"end":{"line":50,"column":1}},"line":20}},"branchMap":{},"s":{"0":1,"1":1,"2":1,"3":0,"4":0,"5":0,"6":0},"f":{"0":0},"b":{},"_coverageSchema":"1a1c01bbd47fc00a2c39e90264f33305004495a9","hash":"a1ec49b60e2f48c81cb87bf3347a18f545467155"}
}
