TN:
SF:src/controller/auth.controller.js
FN:11,(anonymous_0)
FNF:1
FNH:1
FNDA:3,(anonymous_0)
DA:11,1
DA:13,3
DA:16,3
DA:20,2
DA:21,1
DA:24,1
DA:28,1
DA:29,1
DA:32,1
LF:9
LH:9
BRDA:16,0,0,1
BRDA:16,0,1,2
BRDA:20,1,0,1
BRDA:20,1,1,1
BRF:4
BRH:4
end_of_record
TN:
SF:src/controller/time.controller.js
FN:9,(anonymous_0)
FN:47,(anonymous_1)
FN:100,(anonymous_2)
FNF:3
FNH:3
FNDA:3,(anonymous_0)
FNDA:3,(anonymous_1)
FNDA:5,(anonymous_2)
DA:9,1
DA:10,3
DA:11,3
DA:14,3
DA:15,2
DA:16,1
DA:20,1
DA:27,1
DA:29,1
DA:35,1
DA:36,1
DA:47,1
DA:48,3
DA:49,3
DA:52,3
DA:57,2
DA:58,1
DA:64,1
DA:65,1
DA:67,1
DA:71,1
DA:73,1
DA:76,1
DA:78,1
DA:80,1
DA:86,1
DA:87,1
DA:100,1
DA:101,5
DA:102,5
DA:107,5
DA:108,4
DA:109,1
DA:116,3
DA:117,3
DA:118,3
DA:119,3
DA:122,3
DA:128,0
DA:129,0
DA:137,0
DA:143,4
DA:144,4
LF:43
LH:40
BRDA:15,0,0,1
BRDA:15,0,1,1
BRDA:57,1,0,1
BRDA:57,1,1,1
BRDA:108,2,0,1
BRDA:108,2,1,3
BRDA:128,3,0,0
BRDA:128,3,1,0
BRDA:128,4,0,0
BRDA:128,4,1,0
BRF:10
BRH:6
end_of_record
TN:
SF:src/models/time.model.js
FNF:0
FNH:0
DA:3,1
DA:35,1
LF:2
LH:2
BRF:0
BRH:0
end_of_record
TN:
SF:src/models/user.model.js
FNF:0
FNH:0
DA:3,1
DA:19,1
LF:2
LH:2
BRF:0
BRH:0
end_of_record
TN:
SF:src/service/auth.service.js
FN:6,(anonymous_0)
FN:14,(anonymous_1)
FN:21,(anonymous_2)
FN:32,(anonymous_3)
FNF:4
FNH:0
FNDA:0,(anonymous_0)
FNDA:0,(anonymous_1)
FNDA:0,(anonymous_2)
FNDA:0,(anonymous_3)
DA:6,1
DA:9,0
DA:14,1
DA:16,0
DA:21,1
DA:23,0
DA:25,0
DA:27,0
DA:32,1
DA:34,0
LF:10
LH:4
BRF:0
BRH:0
end_of_record
TN:
SF:src/utils/calculateDuration.js
FN:1,(anonymous_0)
FNF:1
FNH:0
FNDA:0,(anonymous_0)
DA:1,1
DA:2,0
DA:3,0
DA:6,0
DA:9,0
DA:10,0
DA:11,0
DA:14,0
DA:15,0
DA:24,0
DA:38,0
DA:39,0
DA:41,0
LF:13
LH:1
BRF:0
BRH:0
end_of_record
TN:
SF:src/utils/emailConfig.js
FN:20,(anonymous_0)
FNF:1
FNH:0
FNDA:0,(anonymous_0)
DA:5,1
DA:8,1
DA:20,1
DA:21,0
DA:22,0
DA:46,0
DA:48,0
LF:7
LH:3
BRF:0
BRH:0
end_of_record
